2023-09-12 12:05:17 - [32minfo[39m - [32mteste[39m
2023-09-12 12:08:20 - [32minfo[39m - [32mServidor Aberto[39m
2023-09-12 12:08:35 - [32minfo[39m - [32mServidor Aberto[39m
2023-09-12 12:12:13 - [32minfo[39m - [32mServidor Aberto[39m
2023-09-12 12:49:19 - [32minfo[39m - [32mServidor Aberto[39m
2023-09-12 14:50:11 - [32minfo[39m - [32mServidor Aberto[39m
2023-09-12 14:50:11 - [32minfo[39m - [32mConectado com sucesso ao banco[39m
2023-09-12 14:51:28 - [32minfo[39m - [32mServidor Aberto[39m
2023-09-12 14:51:28 - [32minfo[39m - [32mConectado com sucesso ao banco[39m
2023-09-12 14:52:13 - [32minfo[39m - [32mServidor Aberto[39m
2023-09-12 14:52:13 - [32minfo[39m - [32mConectado com sucesso ao banco[39m
2023-09-12 14:54:10 - [32minfo[39m - [32mServidor Aberto[39m
2023-09-12 14:54:10 - [32minfo[39m - [32mConectado com sucesso ao banco[39m
2023-09-12 15:14:40 - [32minfo[39m - [32mServidor Aberto[39m
2023-09-12 15:14:40 - [32minfo[39m - [32mConectado com sucesso ao banco[39m
2023-09-12 15:15:36 - [32minfo[39m - [32mServidor Aberto[39m
2023-09-12 15:15:36 - [32minfo[39m - [32mConectado com sucesso ao banco[39m
2023-09-12 15:16:29 - [32minfo[39m - [32mServidor Aberto[39m
2023-09-12 15:16:29 - [32minfo[39m - [32mConectado com sucesso ao banco[39m
2023-09-12 15:18:44 - [32minfo[39m - [32mServidor Aberto[39m
2023-09-12 15:18:44 - [32minfo[39m - [32mConectado com sucesso ao banco[39m
2023-09-12 15:21:21 - [32minfo[39m - [32mServidor Aberto[39m
2023-09-12 15:21:21 - [32minfo[39m - [32mConectado com sucesso ao banco[39m
2023-09-12 15:22:39 - [32minfo[39m - [32mServidor Aberto[39m
2023-09-12 15:22:39 - [32minfo[39m - [32mConectado com sucesso ao banco[39m
2023-09-12 15:27:42 - [32minfo[39m - [32mServidor Aberto[39m
2023-09-12 15:27:42 - [32minfo[39m - [32mConectado com sucesso ao banco[39m
2023-09-12 15:28:28 - [32minfo[39m - [32mServidor Aberto[39m
2023-09-12 15:28:28 - [32minfo[39m - [32mConectado com sucesso ao banco[39m
2023-09-12 15:30:19 - [32minfo[39m - [32mServidor Aberto[39m
2023-09-12 15:30:19 - [32minfo[39m - [32mConectado com sucesso ao banco[39m
2023-09-12 15:31:02 - [32minfo[39m - [32mServidor Aberto[39m
2023-09-12 15:31:02 - [32minfo[39m - [32mConectado com sucesso ao banco[39m
2023-09-12 15:35:58 - [32minfo[39m - [32mServidor Aberto[39m
2023-09-12 15:35:58 - [32minfo[39m - [32mConectado com sucesso ao banco[39m
2023-09-12 15:38:27 - [32minfo[39m - [32mServidor Aberto[39m
2023-09-12 15:38:27 - [32minfo[39m - [32mConectado com sucesso ao banco[39m
2023-09-12 15:40:09 - [32minfo[39m - [32mServidor Aberto[39m
2023-09-12 15:40:09 - [32minfo[39m - [32mConectado com sucesso ao banco[39m
2023-09-12 15:41:13 - [32minfo[39m - [32mServidor Aberto[39m
2023-09-12 15:41:13 - [32minfo[39m - [32mConectado com sucesso ao banco[39m
2023-09-12 15:41:15 - [31merror[39m - [31mErro ao inserir registro no banco de dados: Column 'nome' cannot be null[39m
2023-09-12 15:43:53 - [32minfo[39m - [32mServidor Aberto[39m
2023-09-12 15:43:53 - [32minfo[39m - [32mConectado com sucesso ao banco[39m
2023-09-12 15:43:56 - [32minfo[39m - [32mRegistro inserido com sucesso. ID:[39m
2023-09-12 16:13:09 - [32minfo[39m - [32mServidor Aberto[39m
2023-09-12 16:13:09 - [32minfo[39m - [32mConectado com sucesso ao banco[39m
2023-09-12 16:21:19 - [32minfo[39m - [32mServidor Aberto[39m
2023-09-12 16:21:19 - [32minfo[39m - [32mConectado com sucesso ao banco[39m
2023-09-12 16:21:56 - [32minfo[39m - [32mServidor Aberto[39m
2023-09-12 16:21:56 - [32minfo[39m - [32mConectado com sucesso ao banco[39m
2023-09-12 16:22:18 - [31merror[39m - [31mErro ao atualizar usuário![39m
2023-09-12 16:24:21 - [32minfo[39m - [32mServidor Aberto[39m
2023-09-12 16:24:21 - [32minfo[39m - [32mConectado com sucesso ao banco[39m
2023-09-12 16:24:24 - [31merror[39m - [31mErro ao atualizar usuário![39m
2023-09-12 16:25:12 - [32minfo[39m - [32mServidor Aberto[39m
2023-09-12 16:25:12 - [32minfo[39m - [32mConectado com sucesso ao banco[39m
2023-09-12 16:25:14 - [31merror[39m - [31mErro ao atualizar usuário![39m
2023-09-12 16:26:35 - [32minfo[39m - [32mServidor Aberto[39m
2023-09-12 16:26:35 - [32minfo[39m - [32mConectado com sucesso ao banco[39m
2023-09-12 16:26:44 - [31merror[39m - [31mErro ao atualizar usuário![39m
2023-09-12 16:27:13 - [32minfo[39m - [32mServidor Aberto[39m
2023-09-12 16:27:13 - [32minfo[39m - [32mConectado com sucesso ao banco[39m
2023-09-12 16:27:15 - [31merror[39m - [31mErro ao atualizar usuário![39m
2023-09-12 16:30:36 - [32minfo[39m - [32mServidor Aberto[39m
2023-09-12 16:30:36 - [32minfo[39m - [32mConectado com sucesso ao banco[39m
2023-09-12 16:30:39 - [32minfo[39m - [32mUsuário Atualizado com sucesso![39m
2023-09-13 21:25:15 - [32minfo[39m - [32mServidor Aberto[39m
2023-09-13 21:25:15 - [32minfo[39m - [32mConectado com sucesso ao banco[39m
2023-09-13 21:25:15 - [32minfo[39m - [32mConectado com sucesso ao banco[39m
2023-09-13 21:39:06 - [32minfo[39m - [32mServidor Aberto[39m
2023-09-13 21:39:06 - [32minfo[39m - [32mConectado com sucesso ao banco[39m
2023-09-13 21:39:06 - [32minfo[39m - [32mConectado com sucesso ao banco[39m
2023-09-13 21:39:21 - [31merror[39m - [31mErro ao inserir registro no banco de dados: You have an error in your SQL syntax; check the manual that corresponds to your MariaDB server version for the right syntax to use near '?)' at line 1[39m
2023-09-13 21:39:55 - [32minfo[39m - [32mServidor Aberto[39m
2023-09-13 21:39:56 - [32minfo[39m - [32mConectado com sucesso ao banco[39m
2023-09-13 21:39:56 - [32minfo[39m - [32mConectado com sucesso ao banco[39m
2023-09-13 21:39:58 - [31merror[39m - [31mErro ao inserir registro no banco de dados: Column 'descricao_tarefa' cannot be null[39m
2023-09-13 21:40:25 - [31merror[39m - [31mErro ao inserir registro no banco de dados: Column 'descricao_tarefa' cannot be null[39m
2023-09-13 21:40:38 - [31merror[39m - [31mErro ao inserir registro no banco de dados: Column 'descricao_tarefa' cannot be null[39m
2023-09-13 21:41:27 - [32minfo[39m - [32mRegistro inserido com sucesso. ID:[39m
2023-09-13 21:43:43 - [32minfo[39m - [32mServidor Aberto[39m
2023-09-13 21:43:43 - [32minfo[39m - [32mConectado com sucesso ao banco[39m
2023-09-13 21:43:43 - [32minfo[39m - [32mConectado com sucesso ao banco[39m
2023-09-13 21:44:00 - [32minfo[39m - [32mUsuário deletado com sucesso![39m
2023-09-13 22:42:46 - [32minfo[39m - [32mServidor Aberto[39m
2023-09-13 22:42:46 - [32minfo[39m - [32mConectado com sucesso ao banco[39m
2023-09-13 22:42:46 - [32minfo[39m - [32mConectado com sucesso ao banco[39m
2023-09-14 09:04:35 - [32minfo[39m - [32mServidor Aberto[39m
2023-09-14 09:04:35 - [32minfo[39m - [32mConectado com sucesso ao banco[39m
2023-09-14 09:04:35 - [32minfo[39m - [32mConectado com sucesso ao banco[39m
2023-09-14 09:11:46 - [32minfo[39m - [32mServidor Aberto[39m
2023-09-14 09:11:46 - [32minfo[39m - [32mConectado com sucesso ao banco[39m
2023-09-14 09:11:46 - [32minfo[39m - [32mConectado com sucesso ao banco[39m
2023-09-14 09:13:46 - [32minfo[39m - [32mServidor Aberto[39m
2023-09-14 09:13:46 - [32minfo[39m - [32mConectado com sucesso ao banco[39m
2023-09-14 09:13:46 - [32minfo[39m - [32mConectado com sucesso ao banco[39m
2023-09-14 09:15:15 - [32minfo[39m - [32mServidor Aberto[39m
2023-09-14 09:15:15 - [32minfo[39m - [32mConectado com sucesso ao banco[39m
2023-09-14 09:15:15 - [32minfo[39m - [32mConectado com sucesso ao banco[39m
2023-09-14 09:16:10 - [32minfo[39m - [32mServidor Aberto[39m
2023-09-14 09:16:10 - [32minfo[39m - [32mConectado com sucesso ao banco[39m
2023-09-14 09:16:10 - [32minfo[39m - [32mConectado com sucesso ao banco[39m
2023-09-14 09:52:17 - [32minfo[39m - [32mServidor Aberto[39m
2023-09-14 09:52:17 - [32minfo[39m - [32mConectado com sucesso ao banco[39m
2023-09-14 09:52:17 - [32minfo[39m - [32mConectado com sucesso ao banco[39m
2023-09-14 09:54:27 - [32minfo[39m - [32mServidor Aberto[39m
2023-09-14 09:54:27 - [32minfo[39m - [32mConectado com sucesso ao banco[39m
2023-09-14 09:54:27 - [32minfo[39m - [32mConectado com sucesso ao banco[39m
2023-09-14 10:02:29 - [32minfo[39m - [32mServidor Aberto[39m
2023-09-14 10:02:29 - [32minfo[39m - [32mConectado com sucesso ao banco[39m
2023-09-14 10:02:29 - [32minfo[39m - [32mConectado com sucesso ao banco[39m
2023-09-14 10:02:54 - [32minfo[39m - [32mServidor Aberto[39m
2023-09-14 10:02:54 - [32minfo[39m - [32mConectado com sucesso ao banco[39m
2023-09-14 10:02:54 - [32minfo[39m - [32mConectado com sucesso ao banco[39m
2023-09-14 10:04:12 - [32minfo[39m - [32mServidor Aberto[39m
2023-09-14 10:04:12 - [32minfo[39m - [32mConectado com sucesso ao banco[39m
2023-09-14 10:04:12 - [32minfo[39m - [32mConectado com sucesso ao banco[39m
2023-09-14 10:09:02 - [32minfo[39m - [32mServidor Aberto[39m
2023-09-14 10:09:02 - [32minfo[39m - [32mConectado com sucesso ao banco[39m
2023-09-14 10:09:02 - [32minfo[39m - [32mConectado com sucesso ao banco[39m
2023-09-14 10:09:24 - [32minfo[39m - [32mServidor Aberto[39m
2023-09-14 10:09:24 - [32minfo[39m - [32mConectado com sucesso ao banco[39m
2023-09-14 10:09:24 - [32minfo[39m - [32mConectado com sucesso ao banco[39m
2023-09-14 10:09:40 - [32minfo[39m - [32mServidor Aberto[39m
2023-09-14 10:09:40 - [32minfo[39m - [32mConectado com sucesso ao banco[39m
2023-09-14 10:09:40 - [32minfo[39m - [32mConectado com sucesso ao banco[39m
2023-09-14 10:10:11 - [32minfo[39m - [32mServidor Aberto[39m
2023-09-14 10:10:11 - [32minfo[39m - [32mConectado com sucesso ao banco[39m
2023-09-14 10:10:11 - [32minfo[39m - [32mConectado com sucesso ao banco[39m
2023-09-14 10:11:27 - [32minfo[39m - [32mServidor Aberto[39m
2023-09-14 10:11:28 - [32minfo[39m - [32mConectado com sucesso ao banco[39m
2023-09-14 10:11:28 - [32minfo[39m - [32mConectado com sucesso ao banco[39m
2023-09-14 10:20:33 - [32minfo[39m - [32mServidor Aberto[39m
2023-09-14 10:20:33 - [32minfo[39m - [32mConectado com sucesso ao banco[39m
2023-09-14 10:20:33 - [32minfo[39m - [32mConectado com sucesso ao banco[39m
2023-09-14 10:22:45 - [32minfo[39m - [32mServidor Aberto[39m
2023-09-14 10:22:45 - [32minfo[39m - [32mConectado com sucesso ao banco[39m
2023-09-14 10:22:45 - [32minfo[39m - [32mConectado com sucesso ao banco[39m
2023-09-14 10:24:44 - [32minfo[39m - [32mServidor Aberto[39m
2023-09-14 10:24:44 - [32minfo[39m - [32mConectado com sucesso ao banco[39m
2023-09-14 10:24:44 - [32minfo[39m - [32mConectado com sucesso ao banco[39m
2023-09-14 10:25:14 - [32minfo[39m - [32mServidor Aberto[39m
2023-09-14 10:25:14 - [32minfo[39m - [32mConectado com sucesso ao banco[39m
2023-09-14 10:25:14 - [32minfo[39m - [32mConectado com sucesso ao banco[39m
2023-09-14 10:26:11 - [32minfo[39m - [32mServidor Aberto[39m
2023-09-14 10:26:11 - [32minfo[39m - [32mConectado com sucesso ao banco[39m
2023-09-14 10:26:11 - [32minfo[39m - [32mConectado com sucesso ao banco[39m
2023-09-14 10:27:41 - [32minfo[39m - [32mServidor Aberto[39m
2023-09-14 10:27:41 - [32minfo[39m - [32mConectado com sucesso ao banco[39m
2023-09-14 10:27:41 - [32minfo[39m - [32mConectado com sucesso ao banco[39m
2023-09-14 10:28:20 - [32minfo[39m - [32mServidor Aberto[39m
2023-09-14 10:28:20 - [32minfo[39m - [32mConectado com sucesso ao banco[39m
2023-09-14 10:28:20 - [32minfo[39m - [32mConectado com sucesso ao banco[39m
2023-09-14 10:29:24 - [32minfo[39m - [32mServidor Aberto[39m
2023-09-14 10:29:24 - [32minfo[39m - [32mConectado com sucesso ao banco[39m
2023-09-14 10:29:24 - [32minfo[39m - [32mConectado com sucesso ao banco[39m
2023-09-14 10:30:29 - [32minfo[39m - [32mServidor Aberto[39m
2023-09-14 10:30:29 - [32minfo[39m - [32mConectado com sucesso ao banco[39m
2023-09-14 10:30:29 - [32minfo[39m - [32mConectado com sucesso ao banco[39m
2023-09-14 10:34:23 - [32minfo[39m - [32mServidor Aberto[39m
2023-09-14 10:34:23 - [32minfo[39m - [32mConectado com sucesso ao banco[39m
2023-09-14 10:34:23 - [32minfo[39m - [32mConectado com sucesso ao banco[39m
2023-09-14 10:49:13 - [32minfo[39m - [32mServidor Aberto[39m
2023-09-14 10:49:13 - [32minfo[39m - [32mConectado com sucesso ao banco[39m
2023-09-14 10:49:13 - [32minfo[39m - [32mConectado com sucesso ao banco[39m
2023-09-14 10:50:22 - [32minfo[39m - [32mServidor Aberto[39m
2023-09-14 10:50:22 - [32minfo[39m - [32mConectado com sucesso ao banco[39m
2023-09-14 10:50:22 - [32minfo[39m - [32mConectado com sucesso ao banco[39m
2023-09-14 11:37:21 - [32minfo[39m - [32mServidor Aberto[39m
2023-09-14 11:37:21 - [32minfo[39m - [32mConectado com sucesso ao banco[39m
2023-09-14 11:37:21 - [32minfo[39m - [32mConectado com sucesso ao banco[39m
2023-09-14 11:38:36 - [32minfo[39m - [32mServidor Aberto[39m
2023-09-14 11:38:36 - [32minfo[39m - [32mConectado com sucesso ao banco[39m
2023-09-14 11:38:36 - [32minfo[39m - [32mConectado com sucesso ao banco[39m
2023-09-14 11:39:09 - [32minfo[39m - [32mServidor Aberto[39m
2023-09-14 11:39:09 - [32minfo[39m - [32mConectado com sucesso ao banco[39m
2023-09-14 11:39:09 - [32minfo[39m - [32mConectado com sucesso ao banco[39m
2023-09-14 11:39:52 - [32minfo[39m - [32mServidor Aberto[39m
2023-09-14 11:39:52 - [32minfo[39m - [32mConectado com sucesso ao banco[39m
2023-09-14 11:39:52 - [32minfo[39m - [32mConectado com sucesso ao banco[39m
2023-09-14 11:40:17 - [32minfo[39m - [32mServidor Aberto[39m
2023-09-14 11:40:17 - [32minfo[39m - [32mConectado com sucesso ao banco[39m
2023-09-14 11:40:17 - [32minfo[39m - [32mConectado com sucesso ao banco[39m
2023-09-14 11:45:58 - [32minfo[39m - [32mServidor Aberto[39m
2023-09-14 11:45:58 - [32minfo[39m - [32mConectado com sucesso ao banco[39m
2023-09-14 11:45:58 - [32minfo[39m - [32mConectado com sucesso ao banco[39m
2023-09-14 11:46:54 - [32minfo[39m - [32mServidor Aberto[39m
2023-09-14 11:46:54 - [32minfo[39m - [32mConectado com sucesso ao banco[39m
2023-09-14 11:46:54 - [32minfo[39m - [32mConectado com sucesso ao banco[39m
2023-09-14 11:47:01 - [32minfo[39m - [32mServidor Aberto[39m
2023-09-14 11:47:01 - [32minfo[39m - [32mConectado com sucesso ao banco[39m
2023-09-14 11:47:01 - [32minfo[39m - [32mConectado com sucesso ao banco[39m
2023-09-14 11:49:18 - [32minfo[39m - [32mServidor Aberto[39m
2023-09-14 11:49:18 - [32minfo[39m - [32mConectado com sucesso ao banco[39m
2023-09-14 11:49:18 - [32minfo[39m - [32mConectado com sucesso ao banco[39m
2023-09-14 11:50:55 - [32minfo[39m - [32mServidor Aberto[39m
2023-09-14 11:50:55 - [32minfo[39m - [32mConectado com sucesso ao banco[39m
2023-09-14 11:50:55 - [32minfo[39m - [32mConectado com sucesso ao banco[39m
2023-09-14 12:01:40 - [32minfo[39m - [32mServidor Aberto[39m
2023-09-14 12:01:40 - [32minfo[39m - [32mConectado com sucesso ao banco[39m
2023-09-14 12:01:40 - [32minfo[39m - [32mConectado com sucesso ao banco[39m
2023-09-14 12:02:34 - [32minfo[39m - [32mServidor Aberto[39m
2023-09-14 12:02:34 - [32minfo[39m - [32mConectado com sucesso ao banco[39m
2023-09-14 12:02:34 - [32minfo[39m - [32mConectado com sucesso ao banco[39m
2023-09-14 12:05:45 - [32minfo[39m - [32mServidor Aberto[39m
2023-09-14 12:05:45 - [32minfo[39m - [32mConectado com sucesso ao banco[39m
2023-09-14 12:05:45 - [32minfo[39m - [32mConectado com sucesso ao banco[39m
2023-09-14 12:39:19 - [32minfo[39m - [32mServidor Aberto[39m
2023-09-14 12:39:19 - [32minfo[39m - [32mConectado com sucesso ao banco[39m
2023-09-14 12:39:19 - [32minfo[39m - [32mConectado com sucesso ao banco[39m
2023-09-14 12:40:33 - [32minfo[39m - [32mServidor Aberto[39m
2023-09-14 12:40:33 - [32minfo[39m - [32mConectado com sucesso ao banco[39m
2023-09-14 12:40:33 - [32minfo[39m - [32mConectado com sucesso ao banco[39m
2023-09-14 12:44:56 - [32minfo[39m - [32mServidor Aberto[39m
2023-09-14 12:44:56 - [32minfo[39m - [32mConectado com sucesso ao banco[39m
2023-09-14 12:44:56 - [32minfo[39m - [32mConectado com sucesso ao banco[39m
2023-09-14 12:54:00 - [32minfo[39m - [32mServidor Aberto[39m
2023-09-14 12:54:00 - [32minfo[39m - [32mConectado com sucesso ao banco[39m
2023-09-14 12:54:00 - [32minfo[39m - [32mConectado com sucesso ao banco[39m
2023-09-14 12:55:09 - [32minfo[39m - [32mServidor Aberto[39m
2023-09-14 12:55:09 - [32minfo[39m - [32mConectado com sucesso ao banco[39m
2023-09-14 12:55:09 - [32minfo[39m - [32mConectado com sucesso ao banco[39m
2023-09-14 12:56:30 - [32minfo[39m - [32mServidor Aberto[39m
2023-09-14 12:56:30 - [32minfo[39m - [32mConectado com sucesso ao banco[39m
2023-09-14 12:56:30 - [32minfo[39m - [32mConectado com sucesso ao banco[39m
2023-09-14 12:56:54 - [32minfo[39m - [32mServidor Aberto[39m
2023-09-14 12:56:54 - [32minfo[39m - [32mConectado com sucesso ao banco[39m
2023-09-14 12:56:54 - [32minfo[39m - [32mConectado com sucesso ao banco[39m
2023-09-14 14:03:03 - [32minfo[39m - [32mServidor Aberto[39m
2023-09-14 14:03:03 - [32minfo[39m - [32mConectado com sucesso ao banco[39m
2023-09-14 14:03:03 - [32minfo[39m - [32mConectado com sucesso ao banco[39m
2023-09-14 14:03:54 - [32minfo[39m - [32mServidor Aberto[39m
2023-09-14 14:03:54 - [32minfo[39m - [32mConectado com sucesso ao banco[39m
2023-09-14 14:03:54 - [32minfo[39m - [32mConectado com sucesso ao banco[39m
2023-09-14 14:06:59 - [32minfo[39m - [32mServidor Aberto[39m
2023-09-14 14:07:00 - [32minfo[39m - [32mConectado com sucesso ao banco[39m
2023-09-14 14:07:00 - [32minfo[39m - [32mConectado com sucesso ao banco[39m
2023-09-14 14:56:59 - [32minfo[39m - [32mServidor Aberto[39m
2023-09-14 14:56:59 - [32minfo[39m - [32mConectado com sucesso ao banco[39m
2023-09-14 14:56:59 - [32minfo[39m - [32mConectado com sucesso ao banco[39m
2023-09-14 14:59:39 - [32minfo[39m - [32mServidor Aberto[39m
2023-09-14 14:59:39 - [32minfo[39m - [32mConectado com sucesso ao banco[39m
2023-09-14 14:59:39 - [32minfo[39m - [32mConectado com sucesso ao banco[39m
2023-09-14 14:59:41 - [31merror[39m - [31mErro ao executar a consulta SQL: Unknown column 'coluna' in 'where clause'[39m
2023-09-14 15:00:03 - [31merror[39m - [31mErro ao executar a consulta SQL: Unknown column 'coluna' in 'where clause'[39m
2023-09-14 15:00:04 - [31merror[39m - [31mErro ao executar a consulta SQL: Unknown column 'coluna' in 'where clause'[39m
2023-09-14 15:00:04 - [31merror[39m - [31mErro ao executar a consulta SQL: Unknown column 'coluna' in 'where clause'[39m
2023-09-14 15:00:26 - [32minfo[39m - [32mServidor Aberto[39m
2023-09-14 15:00:26 - [32minfo[39m - [32mConectado com sucesso ao banco[39m
2023-09-14 15:00:26 - [32minfo[39m - [32mConectado com sucesso ao banco[39m
2023-09-14 15:00:30 - [31merror[39m - [31mErro ao executar a consulta SQL: Unknown column 'coluna' in 'where clause'[39m
2023-09-14 15:00:51 - [31merror[39m - [31mErro ao executar a consulta SQL: Unknown column 'coluna' in 'where clause'[39m
2023-09-14 15:00:52 - [31merror[39m - [31mErro ao executar a consulta SQL: Unknown column 'coluna' in 'where clause'[39m
2023-09-14 15:00:52 - [31merror[39m - [31mErro ao executar a consulta SQL: Unknown column 'coluna' in 'where clause'[39m
2023-09-14 15:00:52 - [31merror[39m - [31mErro ao executar a consulta SQL: Unknown column 'coluna' in 'where clause'[39m
2023-09-14 15:10:15 - [32minfo[39m - [32mServidor Aberto[39m
2023-09-14 15:10:15 - [32minfo[39m - [32mConectado com sucesso ao banco[39m
2023-09-14 15:10:15 - [32minfo[39m - [32mConectado com sucesso ao banco[39m
2023-09-14 15:11:19 - [32minfo[39m - [32mServidor Aberto[39m
2023-09-14 15:11:19 - [32minfo[39m - [32mConectado com sucesso ao banco[39m
2023-09-14 15:11:19 - [32minfo[39m - [32mConectado com sucesso ao banco[39m
2023-09-14 15:12:52 - [32minfo[39m - [32mServidor Aberto[39m
2023-09-14 15:12:52 - [32minfo[39m - [32mConectado com sucesso ao banco[39m
2023-09-14 15:12:52 - [32minfo[39m - [32mConectado com sucesso ao banco[39m
2023-09-14 15:18:26 - [32minfo[39m - [32mServidor Aberto[39m
2023-09-14 15:18:26 - [32minfo[39m - [32mConectado com sucesso ao banco[39m
2023-09-14 15:18:26 - [32minfo[39m - [32mConectado com sucesso ao banco[39m
2023-09-14 15:19:55 - [32minfo[39m - [32mServidor Aberto[39m
2023-09-14 15:19:55 - [32minfo[39m - [32mConectado com sucesso ao banco[39m
2023-09-14 15:19:55 - [32minfo[39m - [32mConectado com sucesso ao banco[39m
2023-09-14 15:20:15 - [32minfo[39m - [32mServidor Aberto[39m
2023-09-14 15:20:15 - [32minfo[39m - [32mConectado com sucesso ao banco[39m
2023-09-14 15:20:15 - [32minfo[39m - [32mConectado com sucesso ao banco[39m
2023-09-14 15:20:33 - [32minfo[39m - [32mServidor Aberto[39m
2023-09-14 15:20:33 - [32minfo[39m - [32mConectado com sucesso ao banco[39m
2023-09-14 15:20:33 - [32minfo[39m - [32mConectado com sucesso ao banco[39m
2023-09-14 15:20:59 - [32minfo[39m - [32mServidor Aberto[39m
2023-09-14 15:20:59 - [32minfo[39m - [32mConectado com sucesso ao banco[39m
2023-09-14 15:20:59 - [32minfo[39m - [32mConectado com sucesso ao banco[39m
2023-09-14 15:21:57 - [32minfo[39m - [32mServidor Aberto[39m
2023-09-14 15:21:58 - [32minfo[39m - [32mConectado com sucesso ao banco[39m
2023-09-14 15:21:58 - [32minfo[39m - [32mConectado com sucesso ao banco[39m
2023-09-14 15:23:23 - [32minfo[39m - [32mServidor Aberto[39m
2023-09-14 15:23:23 - [32minfo[39m - [32mConectado com sucesso ao banco[39m
2023-09-14 15:23:23 - [32minfo[39m - [32mConectado com sucesso ao banco[39m
2023-09-14 15:24:59 - [32minfo[39m - [32mServidor Aberto[39m
2023-09-14 15:24:59 - [32minfo[39m - [32mConectado com sucesso ao banco[39m
2023-09-14 15:24:59 - [32minfo[39m - [32mConectado com sucesso ao banco[39m
2023-09-14 15:25:00 - [31merror[39m - [31mErro ao executar a consulta SQL: Table 'gerenciador_d_sistemas.usuarionome' doesn't exist[39m
2023-09-14 15:25:16 - [32minfo[39m - [32mServidor Aberto[39m
2023-09-14 15:25:16 - [32minfo[39m - [32mConectado com sucesso ao banco[39m
2023-09-14 15:25:16 - [32minfo[39m - [32mConectado com sucesso ao banco[39m
2023-09-14 15:25:19 - [31merror[39m - [31mErro ao executar a consulta SQL: You have an error in your SQL syntax; check the manual that corresponds to your MariaDB server version for the right syntax to use near '= João' at line 1[39m
2023-09-14 15:25:29 - [32minfo[39m - [32mServidor Aberto[39m
2023-09-14 15:25:29 - [32minfo[39m - [32mConectado com sucesso ao banco[39m
2023-09-14 15:25:29 - [32minfo[39m - [32mConectado com sucesso ao banco[39m
2023-09-14 15:25:30 - [31merror[39m - [31mErro ao executar a consulta SQL: Unknown column 'João' in 'where clause'[39m
2023-09-14 15:27:33 - [32minfo[39m - [32mServidor Aberto[39m
2023-09-14 15:27:33 - [32minfo[39m - [32mConectado com sucesso ao banco[39m
2023-09-14 15:27:33 - [32minfo[39m - [32mConectado com sucesso ao banco[39m
2023-09-14 15:28:04 - [32minfo[39m - [32mServidor Aberto[39m
2023-09-14 15:28:04 - [32minfo[39m - [32mConectado com sucesso ao banco[39m
2023-09-14 15:28:04 - [32minfo[39m - [32mConectado com sucesso ao banco[39m
2023-09-14 15:28:06 - [31merror[39m - [31mErro ao executar a consulta SQL: Unknown column 'João' in 'where clause'[39m
2023-09-14 15:31:12 - [32minfo[39m - [32mServidor Aberto[39m
2023-09-14 15:31:12 - [32minfo[39m - [32mConectado com sucesso ao banco[39m
2023-09-14 15:31:12 - [32minfo[39m - [32mConectado com sucesso ao banco[39m
2023-09-14 15:35:22 - [32minfo[39m - [32mServidor Aberto[39m
2023-09-14 15:35:22 - [32minfo[39m - [32mConectado com sucesso ao banco[39m
2023-09-14 15:35:22 - [32minfo[39m - [32mConectado com sucesso ao banco[39m
2023-09-14 15:36:25 - [32minfo[39m - [32mServidor Aberto[39m
2023-09-14 15:36:25 - [32minfo[39m - [32mConectado com sucesso ao banco[39m
2023-09-14 15:36:25 - [32minfo[39m - [32mConectado com sucesso ao banco[39m
2023-09-14 15:38:21 - [32minfo[39m - [32mServidor Aberto[39m
2023-09-14 15:38:21 - [32minfo[39m - [32mConectado com sucesso ao banco[39m
2023-09-14 15:38:21 - [32minfo[39m - [32mConectado com sucesso ao banco[39m
2023-09-14 15:38:26 - [31merror[39m - [31mErro ao executar a consulta SQL: Unknown column '$' in 'where clause'[39m
2023-09-14 15:38:28 - [31merror[39m - [31mErro ao executar a consulta SQL: You have an error in your SQL syntax; check the manual that corresponds to your MariaDB server version for the right syntax to use near 'nome = ($)' at line 1[39m
2023-09-14 15:38:31 - [31merror[39m - [31mErro ao executar a consulta SQL: You have an error in your SQL syntax; check the manual that corresponds to your MariaDB server version for the right syntax to use near 'nome = ($)nome = ($)' at line 1[39m
2023-09-14 15:38:31 - [31merror[39m - [31mErro ao executar a consulta SQL: You have an error in your SQL syntax; check the manual that corresponds to your MariaDB server version for the right syntax to use near 'nome = ($)nome = ($)nome = ($)' at line 1[39m
2023-09-14 15:38:58 - [32minfo[39m - [32mServidor Aberto[39m
2023-09-14 15:38:58 - [32minfo[39m - [32mConectado com sucesso ao banco[39m
2023-09-14 15:38:58 - [32minfo[39m - [32mConectado com sucesso ao banco[39m
2023-09-14 15:39:05 - [31merror[39m - [31mErro ao executar a consulta SQL: You have an error in your SQL syntax; check the manual that corresponds to your MariaDB server version for the right syntax to use near 'nome = (?)' at line 1[39m
2023-09-14 15:39:06 - [31merror[39m - [31mErro ao executar a consulta SQL: You have an error in your SQL syntax; check the manual that corresponds to your MariaDB server version for the right syntax to use near 'nome = (?)nome = (?)' at line 1[39m
2023-09-14 15:39:06 - [31merror[39m - [31mErro ao executar a consulta SQL: You have an error in your SQL syntax; check the manual that corresponds to your MariaDB server version for the right syntax to use near 'nome = (?)nome = (?)nome = (?)' at line 1[39m
2023-09-14 15:40:23 - [32minfo[39m - [32mServidor Aberto[39m
2023-09-14 15:40:23 - [32minfo[39m - [32mConectado com sucesso ao banco[39m
2023-09-14 15:40:23 - [32minfo[39m - [32mConectado com sucesso ao banco[39m
2023-09-14 15:40:59 - [32minfo[39m - [32mServidor Aberto[39m
2023-09-14 15:40:59 - [32minfo[39m - [32mConectado com sucesso ao banco[39m
2023-09-14 15:40:59 - [32minfo[39m - [32mConectado com sucesso ao banco[39m
2023-09-14 15:41:02 - [31merror[39m - [31mErro ao executar a consulta SQL: You have an error in your SQL syntax; check the manual that corresponds to your MariaDB server version for the right syntax to use near '' at line 1[39m
2023-09-14 15:41:04 - [31merror[39m - [31mErro ao executar a consulta SQL: You have an error in your SQL syntax; check the manual that corresponds to your MariaDB server version for the right syntax to use near 'ORnome = (?) OR' at line 1[39m
2023-09-14 15:41:04 - [31merror[39m - [31mErro ao executar a consulta SQL: You have an error in your SQL syntax; check the manual that corresponds to your MariaDB server version for the right syntax to use near 'ORnome = (?) ORnome = (?) OR' at line 1[39m
2023-09-14 15:41:05 - [31merror[39m - [31mErro ao executar a consulta SQL: You have an error in your SQL syntax; check the manual that corresponds to your MariaDB server version for the right syntax to use near 'ORnome = (?) ORnome = (?) ORnome = (?) OR' at line 1[39m
2023-09-14 15:41:35 - [32minfo[39m - [32mServidor Aberto[39m
2023-09-14 15:41:35 - [32minfo[39m - [32mConectado com sucesso ao banco[39m
2023-09-14 15:41:35 - [32minfo[39m - [32mConectado com sucesso ao banco[39m
2023-09-14 15:41:39 - [31merror[39m - [31mErro ao executar a consulta SQL: You have an error in your SQL syntax; check the manual that corresponds to your MariaDB server version for the right syntax to use near '' at line 1[39m
2023-09-14 15:41:40 - [31merror[39m - [31mErro ao executar a consulta SQL: You have an error in your SQL syntax; check the manual that corresponds to your MariaDB server version for the right syntax to use near '' at line 1[39m
2023-09-14 15:41:58 - [32minfo[39m - [32mServidor Aberto[39m
2023-09-14 15:41:58 - [32minfo[39m - [32mConectado com sucesso ao banco[39m
2023-09-14 15:41:58 - [32minfo[39m - [32mConectado com sucesso ao banco[39m
2023-09-14 15:42:00 - [31merror[39m - [31mErro ao executar a consulta SQL: You have an error in your SQL syntax; check the manual that corresponds to your MariaDB server version for the right syntax to use near '' at line 1[39m
2023-09-14 15:42:00 - [31merror[39m - [31mErro ao executar a consulta SQL: You have an error in your SQL syntax; check the manual that corresponds to your MariaDB server version for the right syntax to use near '' at line 1[39m
2023-09-14 15:42:07 - [31merror[39m - [31mErro ao executar a consulta SQL: You have an error in your SQL syntax; check the manual that corresponds to your MariaDB server version for the right syntax to use near '' at line 1[39m
2023-09-14 15:42:07 - [31merror[39m - [31mErro ao executar a consulta SQL: You have an error in your SQL syntax; check the manual that corresponds to your MariaDB server version for the right syntax to use near '' at line 1[39m
2023-09-14 15:43:00 - [32minfo[39m - [32mServidor Aberto[39m
2023-09-14 15:43:00 - [32minfo[39m - [32mConectado com sucesso ao banco[39m
2023-09-14 15:43:00 - [32minfo[39m - [32mConectado com sucesso ao banco[39m
2023-09-14 15:43:03 - [31merror[39m - [31mErro ao executar a consulta SQL: You have an error in your SQL syntax; check the manual that corresponds to your MariaDB server version for the right syntax to use near '' at line 1[39m
2023-09-14 15:43:04 - [31merror[39m - [31mErro ao executar a consulta SQL: You have an error in your SQL syntax; check the manual that corresponds to your MariaDB server version for the right syntax to use near '' at line 1[39m
2023-09-14 15:43:04 - [31merror[39m - [31mErro ao executar a consulta SQL: You have an error in your SQL syntax; check the manual that corresponds to your MariaDB server version for the right syntax to use near '' at line 1[39m
2023-09-14 15:43:04 - [31merror[39m - [31mErro ao executar a consulta SQL: You have an error in your SQL syntax; check the manual that corresponds to your MariaDB server version for the right syntax to use near '' at line 1[39m
2023-09-14 15:43:30 - [32minfo[39m - [32mServidor Aberto[39m
2023-09-14 15:43:30 - [32minfo[39m - [32mConectado com sucesso ao banco[39m
2023-09-14 15:43:30 - [32minfo[39m - [32mConectado com sucesso ao banco[39m
2023-09-14 15:43:34 - [31merror[39m - [31mErro ao executar a consulta SQL: You have an error in your SQL syntax; check the manual that corresponds to your MariaDB server version for the right syntax to use near '' at line 1[39m
2023-09-14 15:43:34 - [31merror[39m - [31mErro ao executar a consulta SQL: You have an error in your SQL syntax; check the manual that corresponds to your MariaDB server version for the right syntax to use near '' at line 1[39m
2023-09-14 15:43:35 - [31merror[39m - [31mErro ao executar a consulta SQL: You have an error in your SQL syntax; check the manual that corresponds to your MariaDB server version for the right syntax to use near '' at line 1[39m
2023-09-14 15:43:35 - [31merror[39m - [31mErro ao executar a consulta SQL: You have an error in your SQL syntax; check the manual that corresponds to your MariaDB server version for the right syntax to use near '' at line 1[39m
2023-09-14 15:44:10 - [32minfo[39m - [32mServidor Aberto[39m
2023-09-14 15:44:10 - [32minfo[39m - [32mConectado com sucesso ao banco[39m
2023-09-14 15:44:10 - [32minfo[39m - [32mConectado com sucesso ao banco[39m
2023-09-14 15:49:26 - [32minfo[39m - [32mServidor Aberto[39m
2023-09-14 15:49:26 - [32minfo[39m - [32mConectado com sucesso ao banco[39m
2023-09-14 15:49:26 - [32minfo[39m - [32mConectado com sucesso ao banco[39m
2023-09-14 15:52:38 - [32minfo[39m - [32mServidor Aberto[39m
2023-09-14 15:52:38 - [32minfo[39m - [32mConectado com sucesso ao banco[39m
2023-09-14 15:52:38 - [32minfo[39m - [32mConectado com sucesso ao banco[39m
2023-09-14 15:53:04 - [32minfo[39m - [32mServidor Aberto[39m
2023-09-14 15:53:04 - [32minfo[39m - [32mConectado com sucesso ao banco[39m
2023-09-14 15:53:04 - [32minfo[39m - [32mConectado com sucesso ao banco[39m
2023-09-14 15:53:31 - [32minfo[39m - [32mServidor Aberto[39m
2023-09-14 15:53:31 - [32minfo[39m - [32mConectado com sucesso ao banco[39m
2023-09-14 15:53:31 - [32minfo[39m - [32mConectado com sucesso ao banco[39m
2023-09-14 15:55:53 - [32minfo[39m - [32mServidor Aberto[39m
2023-09-14 15:55:53 - [32minfo[39m - [32mConectado com sucesso ao banco[39m
2023-09-14 15:55:53 - [32minfo[39m - [32mConectado com sucesso ao banco[39m
2023-09-14 16:13:00 - [32minfo[39m - [32mServidor Aberto[39m
2023-09-14 16:13:00 - [32minfo[39m - [32mConectado com sucesso ao banco[39m
2023-09-14 16:13:00 - [32minfo[39m - [32mConectado com sucesso ao banco[39m
2023-09-14 16:13:24 - [32minfo[39m - [32mServidor Aberto[39m
2023-09-14 16:13:24 - [32minfo[39m - [32mConectado com sucesso ao banco[39m
2023-09-14 16:13:24 - [32minfo[39m - [32mConectado com sucesso ao banco[39m
2023-09-14 16:21:53 - [32minfo[39m - [32mServidor Aberto[39m
2023-09-14 16:21:53 - [32minfo[39m - [32mConectado com sucesso ao banco[39m
2023-09-14 16:21:53 - [32minfo[39m - [32mConectado com sucesso ao banco[39m
2023-09-14 16:54:39 - [32minfo[39m - [32mServidor Aberto[39m
2023-09-14 16:54:39 - [32minfo[39m - [32mConectado com sucesso ao banco[39m
2023-09-14 16:54:39 - [32minfo[39m - [32mConectado com sucesso ao banco[39m
2023-09-14 16:55:06 - [32minfo[39m - [32mServidor Aberto[39m
2023-09-14 16:55:06 - [32minfo[39m - [32mConectado com sucesso ao banco[39m
2023-09-14 16:55:06 - [32minfo[39m - [32mConectado com sucesso ao banco[39m
2023-09-15 09:53:42 - [32minfo[39m - [32mServidor Aberto[39m
2023-09-15 09:53:42 - [31merror[39m - [31mErro ao se conectar com o banco, Error: connect ECONNREFUSED ::1:3306[39m
2023-09-15 09:53:42 - [31merror[39m - [31mErro ao se conectar com o banco, Error: connect ECONNREFUSED ::1:3306[39m
2023-09-15 09:53:59 - [32minfo[39m - [32mServidor Aberto[39m
2023-09-15 09:53:59 - [32minfo[39m - [32mConectado com sucesso ao banco[39m
2023-09-15 09:53:59 - [32minfo[39m - [32mConectado com sucesso ao banco[39m
2023-09-15 09:55:06 - [32minfo[39m - [32mServidor Aberto[39m
2023-09-15 09:55:06 - [32minfo[39m - [32mConectado com sucesso ao banco[39m
2023-09-15 09:55:06 - [32minfo[39m - [32mConectado com sucesso ao banco[39m
2023-09-15 09:59:31 - [32minfo[39m - [32mServidor Aberto[39m
2023-09-15 09:59:31 - [32minfo[39m - [32mConectado com sucesso ao banco[39m
2023-09-15 09:59:31 - [32minfo[39m - [32mConectado com sucesso ao banco[39m
2023-09-15 10:01:14 - [32minfo[39m - [32mServidor Aberto[39m
2023-09-15 10:01:14 - [32minfo[39m - [32mConectado com sucesso ao banco[39m
2023-09-15 10:01:14 - [32minfo[39m - [32mConectado com sucesso ao banco[39m
2023-09-15 10:02:46 - [32minfo[39m - [32mServidor Aberto[39m
2023-09-15 10:02:46 - [32minfo[39m - [32mConectado com sucesso ao banco[39m
2023-09-15 10:02:46 - [32minfo[39m - [32mConectado com sucesso ao banco[39m
2023-09-15 10:52:13 - [32minfo[39m - [32mServidor Aberto[39m
2023-09-15 10:52:13 - [32minfo[39m - [32mConectado com sucesso ao banco[39m
2023-09-15 10:52:13 - [32minfo[39m - [32mConectado com sucesso ao banco[39m
2023-09-15 10:52:52 - [32minfo[39m - [32mServidor Aberto[39m
2023-09-15 10:52:52 - [32minfo[39m - [32mConectado com sucesso ao banco[39m
2023-09-15 10:52:52 - [32minfo[39m - [32mConectado com sucesso ao banco[39m
2023-09-15 10:53:21 - [32minfo[39m - [32mServidor Aberto[39m
2023-09-15 10:53:21 - [32minfo[39m - [32mConectado com sucesso ao banco[39m
2023-09-15 10:53:21 - [32minfo[39m - [32mConectado com sucesso ao banco[39m
2023-09-15 10:54:50 - [32minfo[39m - [32mServidor Aberto[39m
2023-09-15 10:54:50 - [32minfo[39m - [32mConectado com sucesso ao banco[39m
2023-09-15 10:54:50 - [32minfo[39m - [32mConectado com sucesso ao banco[39m
2023-09-15 10:56:09 - [32minfo[39m - [32mServidor Aberto[39m
2023-09-15 10:56:09 - [32minfo[39m - [32mConectado com sucesso ao banco[39m
2023-09-15 10:56:09 - [32minfo[39m - [32mConectado com sucesso ao banco[39m
2023-09-15 10:56:34 - [32minfo[39m - [32mServidor Aberto[39m
2023-09-15 10:56:34 - [32minfo[39m - [32mConectado com sucesso ao banco[39m
2023-09-15 10:56:34 - [32minfo[39m - [32mConectado com sucesso ao banco[39m
2023-09-15 10:59:28 - [32minfo[39m - [32mServidor Aberto[39m
2023-09-15 10:59:28 - [32minfo[39m - [32mConectado com sucesso ao banco[39m
2023-09-15 10:59:28 - [32minfo[39m - [32mConectado com sucesso ao banco[39m
2023-09-15 11:00:48 - [32minfo[39m - [32mServidor Aberto[39m
2023-09-15 11:00:48 - [32minfo[39m - [32mConectado com sucesso ao banco[39m
2023-09-15 11:00:48 - [32minfo[39m - [32mConectado com sucesso ao banco[39m
2023-09-15 11:01:11 - [32minfo[39m - [32mServidor Aberto[39m
2023-09-15 11:01:11 - [32minfo[39m - [32mConectado com sucesso ao banco[39m
2023-09-15 11:01:11 - [32minfo[39m - [32mConectado com sucesso ao banco[39m
2023-09-15 11:04:12 - [32minfo[39m - [32mServidor Aberto[39m
2023-09-15 11:04:12 - [32minfo[39m - [32mConectado com sucesso ao banco[39m
2023-09-15 11:04:12 - [32minfo[39m - [32mConectado com sucesso ao banco[39m
2023-09-15 11:04:38 - [32minfo[39m - [32mServidor Aberto[39m
2023-09-15 11:04:38 - [32minfo[39m - [32mConectado com sucesso ao banco[39m
2023-09-15 11:04:38 - [32minfo[39m - [32mConectado com sucesso ao banco[39m
2023-09-15 11:21:25 - [32minfo[39m - [32mServidor Aberto[39m
2023-09-15 11:21:25 - [32minfo[39m - [32mConectado com sucesso ao banco[39m
2023-09-15 11:21:25 - [32minfo[39m - [32mConectado com sucesso ao banco[39m
2023-09-15 11:52:25 - [32minfo[39m - [32mServidor Aberto[39m
2023-09-15 11:52:25 - [32minfo[39m - [32mConectado com sucesso ao banco[39m
2023-09-15 11:52:25 - [32minfo[39m - [32mConectado com sucesso ao banco[39m
2023-09-15 11:52:59 - [32minfo[39m - [32mServidor Aberto[39m
2023-09-15 11:52:59 - [32minfo[39m - [32mConectado com sucesso ao banco[39m
2023-09-15 11:52:59 - [32minfo[39m - [32mConectado com sucesso ao banco[39m
2023-09-15 12:12:09 - [32minfo[39m - [32mServidor Aberto[39m
2023-09-15 12:12:09 - [32minfo[39m - [32mConectado com sucesso ao banco[39m
2023-09-15 12:12:09 - [32minfo[39m - [32mConectado com sucesso ao banco[39m
2023-09-15 12:12:24 - [32minfo[39m - [32mUsuário deletado com sucesso![39m
2023-09-15 12:14:46 - [32minfo[39m - [32mUsuário deletado com sucesso![39m
2023-09-15 12:15:37 - [32minfo[39m - [32mServidor Aberto[39m
2023-09-15 12:15:37 - [32minfo[39m - [32mConectado com sucesso ao banco[39m
2023-09-15 12:15:37 - [32minfo[39m - [32mConectado com sucesso ao banco[39m
2023-09-15 12:15:39 - [32minfo[39m - [32mUsuário deletado com sucesso![39m
2023-09-15 12:15:42 - [32minfo[39m - [32mUsuário deletado com sucesso![39m
2023-09-15 12:17:09 - [32minfo[39m - [32mServidor Aberto[39m
2023-09-15 12:17:09 - [32minfo[39m - [32mConectado com sucesso ao banco[39m
2023-09-15 12:17:09 - [32minfo[39m - [32mConectado com sucesso ao banco[39m
2023-09-15 12:17:37 - [32minfo[39m - [32mServidor Aberto[39m
2023-09-15 12:17:37 - [32minfo[39m - [32mConectado com sucesso ao banco[39m
2023-09-15 12:17:37 - [32minfo[39m - [32mConectado com sucesso ao banco[39m
