2023-09-12 15:41:15 - [31merror[39m - [31mErro ao inserir registro no banco de dados: Column 'nome' cannot be null[39m
2023-09-12 16:22:18 - [31merror[39m - [31mErro ao atualizar usuário![39m
2023-09-12 16:24:24 - [31merror[39m - [31mErro ao atualizar usuário![39m
2023-09-12 16:25:14 - [31merror[39m - [31mErro ao atualizar usuário![39m
2023-09-12 16:26:44 - [31merror[39m - [31mErro ao atualizar usuário![39m
2023-09-12 16:27:15 - [31merror[39m - [31mErro ao atualizar usuário![39m
2023-09-13 21:39:21 - [31merror[39m - [31mErro ao inserir registro no banco de dados: You have an error in your SQL syntax; check the manual that corresponds to your MariaDB server version for the right syntax to use near '?)' at line 1[39m
2023-09-13 21:39:58 - [31merror[39m - [31mErro ao inserir registro no banco de dados: Column 'descricao_tarefa' cannot be null[39m
2023-09-13 21:40:25 - [31merror[39m - [31mErro ao inserir registro no banco de dados: Column 'descricao_tarefa' cannot be null[39m
2023-09-13 21:40:38 - [31merror[39m - [31mErro ao inserir registro no banco de dados: Column 'descricao_tarefa' cannot be null[39m
2023-09-14 14:59:41 - [31merror[39m - [31mErro ao executar a consulta SQL: Unknown column 'coluna' in 'where clause'[39m
2023-09-14 15:00:03 - [31merror[39m - [31mErro ao executar a consulta SQL: Unknown column 'coluna' in 'where clause'[39m
2023-09-14 15:00:04 - [31merror[39m - [31mErro ao executar a consulta SQL: Unknown column 'coluna' in 'where clause'[39m
2023-09-14 15:00:04 - [31merror[39m - [31mErro ao executar a consulta SQL: Unknown column 'coluna' in 'where clause'[39m
2023-09-14 15:00:30 - [31merror[39m - [31mErro ao executar a consulta SQL: Unknown column 'coluna' in 'where clause'[39m
2023-09-14 15:00:51 - [31merror[39m - [31mErro ao executar a consulta SQL: Unknown column 'coluna' in 'where clause'[39m
2023-09-14 15:00:52 - [31merror[39m - [31mErro ao executar a consulta SQL: Unknown column 'coluna' in 'where clause'[39m
2023-09-14 15:00:52 - [31merror[39m - [31mErro ao executar a consulta SQL: Unknown column 'coluna' in 'where clause'[39m
2023-09-14 15:00:52 - [31merror[39m - [31mErro ao executar a consulta SQL: Unknown column 'coluna' in 'where clause'[39m
2023-09-14 15:25:00 - [31merror[39m - [31mErro ao executar a consulta SQL: Table 'gerenciador_d_sistemas.usuarionome' doesn't exist[39m
2023-09-14 15:25:19 - [31merror[39m - [31mErro ao executar a consulta SQL: You have an error in your SQL syntax; check the manual that corresponds to your MariaDB server version for the right syntax to use near '= João' at line 1[39m
2023-09-14 15:25:30 - [31merror[39m - [31mErro ao executar a consulta SQL: Unknown column 'João' in 'where clause'[39m
2023-09-14 15:28:06 - [31merror[39m - [31mErro ao executar a consulta SQL: Unknown column 'João' in 'where clause'[39m
2023-09-14 15:38:26 - [31merror[39m - [31mErro ao executar a consulta SQL: Unknown column '$' in 'where clause'[39m
2023-09-14 15:38:28 - [31merror[39m - [31mErro ao executar a consulta SQL: You have an error in your SQL syntax; check the manual that corresponds to your MariaDB server version for the right syntax to use near 'nome = ($)' at line 1[39m
2023-09-14 15:38:31 - [31merror[39m - [31mErro ao executar a consulta SQL: You have an error in your SQL syntax; check the manual that corresponds to your MariaDB server version for the right syntax to use near 'nome = ($)nome = ($)' at line 1[39m
2023-09-14 15:38:31 - [31merror[39m - [31mErro ao executar a consulta SQL: You have an error in your SQL syntax; check the manual that corresponds to your MariaDB server version for the right syntax to use near 'nome = ($)nome = ($)nome = ($)' at line 1[39m
2023-09-14 15:39:05 - [31merror[39m - [31mErro ao executar a consulta SQL: You have an error in your SQL syntax; check the manual that corresponds to your MariaDB server version for the right syntax to use near 'nome = (?)' at line 1[39m
2023-09-14 15:39:06 - [31merror[39m - [31mErro ao executar a consulta SQL: You have an error in your SQL syntax; check the manual that corresponds to your MariaDB server version for the right syntax to use near 'nome = (?)nome = (?)' at line 1[39m
2023-09-14 15:39:06 - [31merror[39m - [31mErro ao executar a consulta SQL: You have an error in your SQL syntax; check the manual that corresponds to your MariaDB server version for the right syntax to use near 'nome = (?)nome = (?)nome = (?)' at line 1[39m
2023-09-14 15:41:02 - [31merror[39m - [31mErro ao executar a consulta SQL: You have an error in your SQL syntax; check the manual that corresponds to your MariaDB server version for the right syntax to use near '' at line 1[39m
2023-09-14 15:41:04 - [31merror[39m - [31mErro ao executar a consulta SQL: You have an error in your SQL syntax; check the manual that corresponds to your MariaDB server version for the right syntax to use near 'ORnome = (?) OR' at line 1[39m
2023-09-14 15:41:04 - [31merror[39m - [31mErro ao executar a consulta SQL: You have an error in your SQL syntax; check the manual that corresponds to your MariaDB server version for the right syntax to use near 'ORnome = (?) ORnome = (?) OR' at line 1[39m
2023-09-14 15:41:05 - [31merror[39m - [31mErro ao executar a consulta SQL: You have an error in your SQL syntax; check the manual that corresponds to your MariaDB server version for the right syntax to use near 'ORnome = (?) ORnome = (?) ORnome = (?) OR' at line 1[39m
2023-09-14 15:41:39 - [31merror[39m - [31mErro ao executar a consulta SQL: You have an error in your SQL syntax; check the manual that corresponds to your MariaDB server version for the right syntax to use near '' at line 1[39m
2023-09-14 15:41:40 - [31merror[39m - [31mErro ao executar a consulta SQL: You have an error in your SQL syntax; check the manual that corresponds to your MariaDB server version for the right syntax to use near '' at line 1[39m
2023-09-14 15:42:00 - [31merror[39m - [31mErro ao executar a consulta SQL: You have an error in your SQL syntax; check the manual that corresponds to your MariaDB server version for the right syntax to use near '' at line 1[39m
2023-09-14 15:42:00 - [31merror[39m - [31mErro ao executar a consulta SQL: You have an error in your SQL syntax; check the manual that corresponds to your MariaDB server version for the right syntax to use near '' at line 1[39m
2023-09-14 15:42:07 - [31merror[39m - [31mErro ao executar a consulta SQL: You have an error in your SQL syntax; check the manual that corresponds to your MariaDB server version for the right syntax to use near '' at line 1[39m
2023-09-14 15:42:07 - [31merror[39m - [31mErro ao executar a consulta SQL: You have an error in your SQL syntax; check the manual that corresponds to your MariaDB server version for the right syntax to use near '' at line 1[39m
2023-09-14 15:43:03 - [31merror[39m - [31mErro ao executar a consulta SQL: You have an error in your SQL syntax; check the manual that corresponds to your MariaDB server version for the right syntax to use near '' at line 1[39m
2023-09-14 15:43:04 - [31merror[39m - [31mErro ao executar a consulta SQL: You have an error in your SQL syntax; check the manual that corresponds to your MariaDB server version for the right syntax to use near '' at line 1[39m
2023-09-14 15:43:04 - [31merror[39m - [31mErro ao executar a consulta SQL: You have an error in your SQL syntax; check the manual that corresponds to your MariaDB server version for the right syntax to use near '' at line 1[39m
2023-09-14 15:43:04 - [31merror[39m - [31mErro ao executar a consulta SQL: You have an error in your SQL syntax; check the manual that corresponds to your MariaDB server version for the right syntax to use near '' at line 1[39m
2023-09-14 15:43:34 - [31merror[39m - [31mErro ao executar a consulta SQL: You have an error in your SQL syntax; check the manual that corresponds to your MariaDB server version for the right syntax to use near '' at line 1[39m
2023-09-14 15:43:34 - [31merror[39m - [31mErro ao executar a consulta SQL: You have an error in your SQL syntax; check the manual that corresponds to your MariaDB server version for the right syntax to use near '' at line 1[39m
2023-09-14 15:43:35 - [31merror[39m - [31mErro ao executar a consulta SQL: You have an error in your SQL syntax; check the manual that corresponds to your MariaDB server version for the right syntax to use near '' at line 1[39m
2023-09-14 15:43:35 - [31merror[39m - [31mErro ao executar a consulta SQL: You have an error in your SQL syntax; check the manual that corresponds to your MariaDB server version for the right syntax to use near '' at line 1[39m
